SF:lib/src/network/dio/dio_client.dart
DA:7,1
DA:8,2
DA:11,1
DA:12,1
DA:15,1
DA:21,2
DA:25,1
DA:27,2
DA:31,0
DA:33,0
LF:10
LH:8
end_of_record
SF:lib/src/network/dio/dio_option.dart
DA:15,2
DA:22,4
DA:23,2
DA:24,2
DA:25,2
DA:26,2
LF:6
LH:6
end_of_record
SF:lib/src/extensions/date_extension.dart
DA:4,1
DA:5,8
DA:7,1
DA:8,1
DA:9,9
LF:5
LH:5
end_of_record
SF:lib/src/extensions/num_extension.dart
DA:3,1
DA:4,1
DA:5,2
DA:6,5
DA:13,1
DA:14,1
DA:15,1
DA:17,3
DA:18,1
DA:21,2
DA:22,4
LF:11
LH:11
end_of_record
SF:lib/src/extensions/energy_type_extension.dart
DA:9,1
DA:10,2
DA:11,2
DA:12,2
LF:4
LH:4
end_of_record
SF:lib/src/models/energy/monitoring_model.dart
DA:5,2
DA:7,1
DA:8,1
DA:9,2
DA:10,1
LF:5
LH:5
end_of_record
SF:lib/src/models/metrics/power_value.dart
DA:7,2
DA:12,5
DA:14,1
DA:15,2
DA:16,1
DA:19,2
DA:20,1
DA:24,2
DA:25,4
DA:30,1
DA:31,2
LF:11
LH:11
end_of_record
SF:lib/src/models/tab_properties/battery_tab_properties.dart
DA:5,1
DA:8,1
LF:2
LH:2
end_of_record
SF:lib/src/models/tab_properties/house_tab_properties.dart
DA:5,1
DA:8,1
LF:2
LH:2
end_of_record
SF:lib/src/models/tab_properties/solar_tab_properties.dart
DA:5,1
DA:8,1
LF:2
LH:2
end_of_record
SF:lib/src/models/metrics/metric_unit.dart
DA:5,1
LF:1
LH:1
end_of_record
SF:lib/src/extensions/monitoring_model_list_extension.dart
DA:6,6
DA:7,6
LF:2
LH:2
end_of_record
