SF:lib/src/network/dio/dio_client.dart
DA:7,1
DA:8,2
DA:11,1
DA:12,1
DA:15,1
DA:21,2
DA:25,1
DA:27,2
DA:31,0
DA:33,0
LF:10
LH:8
end_of_record
SF:lib/src/network/dio/dio_option.dart
DA:9,2
DA:16,4
DA:17,2
DA:18,2
DA:19,2
DA:20,2
LF:6
LH:6
end_of_record
SF:lib/src/extension/date_extension.dart
DA:2,1
DA:3,8
DA:6,1
DA:7,1
DA:8,9
LF:5
LH:5
end_of_record
SF:lib/src/extension/num_extension.dart
DA:2,1
DA:3,1
DA:4,2
DA:5,5
DA:8,1
DA:9,1
DA:10,1
DA:13,3
DA:14,1
DA:18,2
DA:19,4
LF:11
LH:11
end_of_record
