SF:lib/src/config/chart_line_config.dart
DA:8,2
DA:13,2
DA:14,2
DA:15,2
DA:17,4
DA:18,4
DA:19,4
DA:21,2
DA:23,4
LF:9
LH:9
end_of_record
SF:lib/src/base/chart_data.dart
DA:17,2
DA:27,2
DA:34,10
DA:35,2
DA:36,2
DA:37,2
DA:38,3
DA:40,2
DA:41,4
DA:42,1
DA:44,4
DA:45,4
DA:47,2
DA:49,2
DA:50,2
DA:53,2
DA:61,8
DA:62,6
DA:63,4
DA:64,2
DA:65,2
DA:66,4
DA:69,2
LF:23
LH:23
end_of_record
SF:lib/src/base/interval_model.dart
DA:8,4
DA:14,4
DA:18,11
DA:19,8
DA:22,4
DA:23,4
DA:24,4
DA:26,4
DA:27,20
DA:28,4
DA:30,4
DA:32,12
DA:33,12
DA:34,8
DA:36,4
DA:43,4
DA:45,4
DA:46,7
DA:47,4
DA:48,1
LF:20
LH:20
end_of_record
SF:lib/src/config/chart_config.dart
DA:14,2
DA:23,2
DA:24,2
DA:25,2
DA:26,2
DA:28,2
DA:29,1
DA:30,3
DA:32,8
DA:35,2
DA:37,6
DA:38,6
DA:39,2
DA:40,2
DA:43,4
DA:44,2
DA:45,1
DA:46,3
DA:55,2
DA:56,4
DA:57,2
DA:59,2
DA:61,0
DA:62,0
DA:63,0
DA:64,0
DA:65,0
DA:66,0
DA:70,0
LF:29
LH:22
end_of_record
SF:lib/src/theme/chart_theme.dart
DA:6,18
DA:10,6
DA:13,6
DA:14,6
DA:15,6
DA:16,6
DA:33,6
DA:37,2
DA:40,2
DA:41,2
DA:42,2
DA:43,2
LF:12
LH:12
end_of_record
SF:lib/src/theme/chart_theme_extension.dart
DA:37,7
DA:59,2
DA:60,1
DA:61,1
DA:64,2
DA:65,1
DA:66,1
DA:67,1
DA:70,4
DA:72,4
DA:75,1
DA:96,1
DA:97,1
DA:98,1
DA:99,1
DA:100,1
DA:102,1
DA:104,1
DA:106,1
DA:108,1
DA:110,1
DA:111,1
DA:112,1
DA:113,1
DA:114,1
DA:115,1
DA:117,1
DA:119,1
DA:120,1
DA:122,1
DA:126,1
DA:131,1
DA:135,1
DA:136,3
DA:137,3
DA:138,1
DA:139,1
DA:140,1
DA:143,3
DA:144,3
DA:145,3
DA:146,1
DA:147,1
DA:148,1
DA:151,3
DA:152,1
DA:153,1
DA:154,1
DA:157,1
DA:158,1
DA:159,1
DA:162,1
LF:52
LH:52
end_of_record
SF:lib/src/widgets/energy_line_chart.dart
DA:14,1
DA:22,1
DA:24,2
DA:25,3
DA:26,1
DA:27,1
DA:29,1
DA:30,1
DA:31,1
DA:32,1
DA:34,2
DA:35,1
DA:37,1
DA:38,1
DA:39,2
DA:40,2
DA:41,2
DA:42,2
DA:43,2
DA:44,1
DA:45,1
DA:46,1
DA:47,1
LF:23
LH:23
end_of_record
SF:lib/src/extensions/context_extension.dart
DA:5,3
DA:7,9
DA:9,3
DA:11,3
DA:12,6
LF:5
LH:5
end_of_record
SF:lib/src/extensions/monitoring_model_extension.dart
DA:5,33
DA:7,6
LF:2
LH:2
end_of_record
SF:lib/src/config/chart_grid_config.dart
DA:7,2
DA:9,2
DA:10,2
DA:13,4
DA:14,4
DA:15,4
LF:6
LH:6
end_of_record
