SF:lib/src/base/chart_data.dart
DA:17,1
DA:27,1
DA:34,5
DA:35,1
DA:36,1
DA:37,1
DA:38,2
DA:40,2
DA:41,4
DA:42,1
DA:44,2
DA:45,2
DA:47,1
DA:49,1
DA:50,1
DA:53,1
DA:61,4
DA:62,3
DA:63,2
DA:64,1
DA:65,1
DA:66,2
DA:69,1
LF:23
LH:23
end_of_record
SF:lib/src/base/interval_model.dart
DA:8,3
DA:14,3
DA:18,9
DA:19,6
DA:22,3
DA:23,3
DA:24,3
DA:26,3
DA:27,15
DA:28,3
DA:30,3
DA:32,9
DA:33,9
DA:34,6
DA:36,3
DA:43,3
DA:45,3
DA:46,6
DA:47,2
DA:48,1
LF:20
LH:20
end_of_record
SF:lib/src/config/chart_config.dart
DA:14,1
DA:23,1
DA:24,1
DA:25,1
DA:26,1
DA:28,0
DA:29,0
DA:30,0
DA:32,4
DA:35,1
DA:37,3
DA:38,3
DA:39,1
DA:40,1
DA:43,2
DA:44,0
DA:45,0
DA:46,0
DA:55,1
DA:56,2
DA:57,1
DA:59,1
DA:61,0
DA:62,0
DA:63,0
DA:64,0
DA:65,0
DA:66,0
DA:70,0
LF:29
LH:16
end_of_record
SF:lib/src/theme/chart_theme.dart
DA:6,15
DA:10,5
DA:13,5
DA:14,5
DA:15,5
DA:16,5
DA:33,6
DA:37,2
DA:40,2
DA:41,2
DA:42,2
DA:43,2
LF:12
LH:12
end_of_record
SF:lib/src/theme/chart_theme_extension.dart
DA:37,6
DA:59,2
DA:60,1
DA:61,1
DA:64,2
DA:65,1
DA:66,1
DA:67,1
DA:70,2
DA:72,2
DA:75,1
DA:96,1
DA:97,1
DA:98,1
DA:99,1
DA:100,1
DA:102,1
DA:104,1
DA:106,1
DA:108,1
DA:110,1
DA:111,1
DA:112,1
DA:113,1
DA:114,1
DA:115,1
DA:117,1
DA:119,1
DA:120,1
DA:122,1
DA:126,1
DA:131,1
DA:135,1
DA:136,3
DA:137,3
DA:138,1
DA:139,1
DA:140,1
DA:143,3
DA:144,3
DA:145,3
DA:146,1
DA:147,1
DA:148,1
DA:151,3
DA:152,1
DA:153,1
DA:154,1
DA:157,1
DA:158,1
DA:159,1
DA:162,1
LF:52
LH:52
end_of_record
SF:lib/src/widgets/energy_line_chart.dart
DA:14,0
DA:22,0
DA:24,0
DA:25,0
DA:26,0
DA:27,0
DA:29,0
DA:30,0
DA:31,0
DA:32,0
DA:34,0
DA:35,0
DA:37,0
DA:38,0
DA:39,0
DA:40,0
DA:41,0
DA:42,0
DA:43,0
DA:44,0
DA:45,0
DA:46,0
DA:47,0
LF:23
LH:0
end_of_record
SF:lib/src/extensions/context_extension.dart
DA:5,3
DA:7,6
DA:9,3
DA:11,2
DA:12,4
LF:5
LH:5
end_of_record
SF:lib/src/extensions/monitoring_model_extension.dart
DA:5,22
DA:7,6
LF:2
LH:2
end_of_record
SF:lib/src/config/chart_grid_config.dart
DA:7,1
DA:9,1
DA:10,1
DA:13,2
DA:14,2
DA:15,2
LF:6
LH:6
end_of_record
SF:lib/src/config/chart_line_config.dart
DA:8,1
DA:13,1
DA:14,1
DA:15,1
DA:17,2
DA:18,2
DA:19,2
DA:21,1
DA:23,2
LF:9
LH:9
end_of_record
