SF:lib/core/di/service_locator.dart
DA:7,3
DA:9,1
DA:11,2
DA:15,2
DA:16,4
DA:19,2
DA:20,4
DA:24,2
DA:25,2
DA:26,2
DA:29,2
DA:30,2
DA:32,2
DA:33,2
LF:14
LH:14
end_of_record
SF:lib/features/monitoring/cubit/monitoring_cubit.dart
DA:16,2
DA:21,4
DA:23,1
DA:24,4
DA:26,1
DA:27,3
DA:29,1
DA:30,1
DA:32,1
DA:36,1
DA:38,2
DA:40,2
DA:44,1
DA:46,1
DA:52,2
DA:56,1
DA:58,1
DA:61,1
DA:62,3
DA:63,1
DA:65,1
DA:69,1
DA:70,2
DA:71,4
DA:72,3
DA:73,3
DA:78,1
DA:79,1
DA:82,1
DA:84,2
DA:85,1
LF:31
LH:31
end_of_record
SF:lib/features/monitoring/cubit/monitoring_state.dart
DA:7,2
DA:11,4
DA:12,2
DA:14,2
DA:15,4
DA:18,2
DA:20,1
DA:24,1
DA:25,1
DA:26,1
DA:30,2
DA:31,1
DA:32,3
DA:33,2
DA:34,1
DA:35,2
DA:40,1
DA:41,3
LF:18
LH:18
end_of_record
SF:lib/features/monitoring/cubit/unit_selector_cubit.dart
DA:8,4
DA:10,1
DA:11,1
LF:3
LH:3
end_of_record
SF:lib/features/theme/cubit/theme_cubit.dart
DA:6,4
DA:8,1
DA:9,3
LF:3
LH:3
end_of_record
SF:lib/features/monitoring/cubit/monitoring_state_model.dart
DA:10,8
DA:15,2
DA:19,2
DA:24,2
DA:25,2
DA:26,1
DA:27,2
DA:31,2
DA:32,8
LF:9
LH:9
end_of_record
SF:lib/core/bloc/bloc_observer.dart
DA:5,1
DA:7,1
DA:8,4
DA:11,1
DA:13,1
DA:14,4
DA:17,1
DA:19,1
DA:20,4
DA:23,1
DA:25,1
DA:26,2
DA:27,2
DA:30,1
DA:32,1
DA:33,4
DA:36,1
DA:38,1
DA:39,4
LF:19
LH:19
end_of_record
SF:lib/features/theme/view/theme_mode_toggle.dart
DA:6,1
DA:8,1
DA:10,1
DA:11,1
DA:12,1
DA:13,1
DA:14,1
DA:18,3
LF:8
LH:8
end_of_record
